<?xml version="1.0" encoding="UTF-8"?>
<testsuite xmlns:xsi="http://www.w3.org/2001/XMLSchema-instance" xsi:noNamespaceSchemaLocation="https://maven.apache.org/surefire/maven-surefire-plugin/xsd/surefire-test-report.xsd" name="tests.ReadFileFromRepositoryTest" time="3.638" tests="4" errors="0" skipped="0" failures="0">
  <properties>
[...]
</properties>
  <testcase name="testGetHtmlTable" classname="tests.ReadFileFromRepositoryTest" time="2.508"/>
  <testcase name="testCheckIfCommitHasTags" classname="tests.ReadFileFromRepositoryTest" time="0.001"/>
  <testcase name="testShowTags" classname="tests.ReadFileFromRepositoryTest" time="0.001"/>
  <testcase name="testCloneRepository" classname="tests.ReadFileFromRepositoryTest" time="1.123"/>
</testsuite>