<?xml version="1.0" encoding="UTF-8"?>
<testsuite xmlns:xsi="http://www.w3.org/2001/XMLSchema-instance" xsi:noNamespaceSchemaLocation="https://maven.apache.org/surefire/maven-surefire-plugin/xsd/surefire-test-report.xsd" name="covid_sci_discoveries.covid_sci_discoveries.TestApp" time="38.362" tests="7" errors="0" skipped="0" failures="0">
  <properties>
[...]
</properties>
  <testcase name="test" classname="covid_sci_discoveries.covid_sci_discoveries.TestApp" time="8.784"/>
  <testcase name="test1" classname="covid_sci_discoveries.covid_sci_discoveries.TestApp" time="5.31"/>
  <testcase name="test2" classname="covid_sci_discoveries.covid_sci_discoveries.TestApp" time="5.001"/>
  <testcase name="test3" classname="covid_sci_discoveries.covid_sci_discoveries.TestApp" time="4.902"/>
  <testcase name="test4" classname="covid_sci_discoveries.covid_sci_discoveries.TestApp" time="4.759"/>
  <testcase name="test5" classname="covid_sci_discoveries.covid_sci_discoveries.TestApp" time="4.841"/>
  <testcase name="test6" classname="covid_sci_discoveries.covid_sci_discoveries.TestApp" time="4.753"/>
</testsuite>