<?xml version="1.0" encoding="UTF-8" ?>
<testsuite tests="12" failures="0" name="covid_query.covid_query.AllTest" time="8.218" errors="0" skipped="0">
  <properties>
[...]
</properties>
  <testcase classname="TestApp" name="testGetSetQuery()" time="0.042"/>
  <testcase classname="TestApp" name="test()" time="8.158"/>
  <testcase classname="QueryFixerTest" name="testTestesAlg()" time="0.001"/>
  <testcase classname="QueryFixerTest" name="testInfecoesAlg()" time="0"/>
  <testcase classname="QueryFixerTest" name="testDefault()" time="0.007"/>
  <testcase classname="QueryFixerTest" name="testInternAlg()" time="0"/>
  <testcase classname="QueryFixerTest" name="testRegionName()" time="0"/>
  <testcase classname="XmlProjectTest" name="testTestesAlg()" time="0.001"/>
  <testcase classname="XmlProjectTest" name="testInfecoesAlg()" time="0.001"/>
  <testcase classname="XmlProjectTest" name="testDefault()" time="0.001"/>
  <testcase classname="XmlProjectTest" name="testInternAlg()" time="0"/>
  <testcase classname="XmlProjectTest" name="testRegionName()" time="0.007"/>
</testsuite>